<?xml version="1.0" encoding="UTF-8"?>
<testng-results skipped="0" failed="0" total="1" passed="1">
  <reporter-output>
  </reporter-output>
  <suite name="Default suite" duration-ms="46658" started-at="2016-11-14T13:35:44Z" finished-at="2016-11-14T13:36:31Z">
    <groups>
    </groups>
    <test name="Default test" duration-ms="46658" started-at="2016-11-14T13:35:44Z" finished-at="2016-11-14T13:36:31Z">
      <class name="example.RemoteWebdriver">
        <test-method status="PASS" signature="beforeTest()[pri:0, instance:example.RemoteWebdriver@25bbe1b6]" name="beforeTest" is-config="true" duration-ms="7141" started-at="2016-11-14T18:35:44Z" finished-at="2016-11-14T18:35:51Z">
          <reporter-output>
          </reporter-output>
        </test-method> <!-- beforeTest -->
        <test-method status="PASS" signature="beechtree()[pri:0, instance:example.RemoteWebdriver@25bbe1b6]" name="beechtree" duration-ms="38845" started-at="2016-11-14T18:35:51Z" finished-at="2016-11-14T18:36:30Z">
          <reporter-output>
          </reporter-output>
        </test-method> <!-- beechtree -->
        <test-method status="PASS" signature="afterTest()[pri:0, instance:example.RemoteWebdriver@25bbe1b6]" name="afterTest" is-config="true" duration-ms="637" started-at="2016-11-14T18:36:30Z" finished-at="2016-11-14T18:36:31Z">
          <reporter-output>
          </reporter-output>
        </test-method> <!-- afterTest -->
      </class> <!-- example.RemoteWebdriver -->
    </test> <!-- Default test -->
  </suite> <!-- Default suite -->
</testng-results>
