<?xml version="1.0" encoding="UTF-8"?>
<testng-results skipped="0" failed="0" total="1" passed="1">
  <reporter-output>
  </reporter-output>
  <suite name="Default suite" duration-ms="40254" started-at="2016-11-21T08:13:55Z" finished-at="2016-11-21T08:14:35Z">
    <groups>
    </groups>
    <test name="Default test" duration-ms="40254" started-at="2016-11-21T08:13:55Z" finished-at="2016-11-21T08:14:35Z">
      <class name="example.HouseOfIthad">
        <test-method status="PASS" signature="beforeTest()[pri:0, instance:example.HouseOfIthad@25bbe1b6]" name="beforeTest" is-config="true" duration-ms="680" started-at="2016-11-21T13:13:55Z" finished-at="2016-11-21T13:13:55Z">
          <reporter-output>
          </reporter-output>
        </test-method> <!-- beforeTest -->
        <test-method status="PASS" signature="HouseOfIthad()[pri:0, instance:example.HouseOfIthad@25bbe1b6]" name="HouseOfIthad" duration-ms="39448" started-at="2016-11-21T13:13:55Z" finished-at="2016-11-21T13:14:35Z">
          <reporter-output>
          </reporter-output>
        </test-method> <!-- HouseOfIthad -->
        <test-method status="PASS" signature="afterTest()[pri:0, instance:example.HouseOfIthad@25bbe1b6]" name="afterTest" is-config="true" duration-ms="113" started-at="2016-11-21T13:14:35Z" finished-at="2016-11-21T13:14:35Z">
          <reporter-output>
          </reporter-output>
        </test-method> <!-- afterTest -->
      </class> <!-- example.HouseOfIthad -->
    </test> <!-- Default test -->
  </suite> <!-- Default suite -->
</testng-results>
